mode: set
github.com/rezkyal/simple-go-login/pkg/redis/redis.go:16.59,22.2 2 1
github.com/rezkyal/simple-go-login/pkg/redis/redis.go:24.108,26.16 2 1
github.com/rezkyal/simple-go-login/pkg/redis/redis.go:30.2,30.53 1 1
github.com/rezkyal/simple-go-login/pkg/redis/redis.go:26.16,28.3 1 1
github.com/rezkyal/simple-go-login/pkg/redis/redis.go:33.85,36.16 2 1
github.com/rezkyal/simple-go-login/pkg/redis/redis.go:40.2,41.16 2 1
github.com/rezkyal/simple-go-login/pkg/redis/redis.go:45.2,45.12 1 1
github.com/rezkyal/simple-go-login/pkg/redis/redis.go:36.16,38.3 1 1
github.com/rezkyal/simple-go-login/pkg/redis/redis.go:41.16,43.3 1 0
github.com/rezkyal/simple-go-login/middlewares/middlewares.go:11.60,12.30 1 1
github.com/rezkyal/simple-go-login/middlewares/middlewares.go:12.30,14.17 2 0
github.com/rezkyal/simple-go-login/middlewares/middlewares.go:19.3,19.11 1 0
github.com/rezkyal/simple-go-login/middlewares/middlewares.go:14.17,18.4 3 0
github.com/rezkyal/simple-go-login/handler/signup/handler.signup.method.go:13.42,20.8 5 1
github.com/rezkyal/simple-go-login/handler/signup/handler.signup.method.go:29.2,29.16 1 1
github.com/rezkyal/simple-go-login/handler/signup/handler.signup.method.go:35.2,37.16 2 1
github.com/rezkyal/simple-go-login/handler/signup/handler.signup.method.go:43.2,43.61 1 1
github.com/rezkyal/simple-go-login/handler/signup/handler.signup.method.go:20.8,22.34 2 1
github.com/rezkyal/simple-go-login/handler/signup/handler.signup.method.go:25.3,26.9 2 1
github.com/rezkyal/simple-go-login/handler/signup/handler.signup.method.go:22.34,24.4 1 1
github.com/rezkyal/simple-go-login/handler/signup/handler.signup.method.go:29.16,33.3 3 1
github.com/rezkyal/simple-go-login/handler/signup/handler.signup.method.go:37.16,41.3 3 1
github.com/rezkyal/simple-go-login/handler/signup/handler.signup.deps_mock.go:27.67,31.2 3 1
github.com/rezkyal/simple-go-login/handler/signup/handler.signup.deps_mock.go:34.65,36.2 1 1
github.com/rezkyal/simple-go-login/handler/signup/handler.signup.deps_mock.go:39.95,44.2 4 1
github.com/rezkyal/simple-go-login/handler/signup/handler.signup.deps_mock.go:47.93,50.2 2 1
github.com/rezkyal/simple-go-login/handler/signup/handler.signup.init.go:7.53,11.2 1 1
github.com/rezkyal/simple-go-login/handler/login/handler.login.method.go:13.41,20.8 5 1
github.com/rezkyal/simple-go-login/handler/login/handler.login.method.go:29.2,29.16 1 1
github.com/rezkyal/simple-go-login/handler/login/handler.login.method.go:35.2,37.16 2 1
github.com/rezkyal/simple-go-login/handler/login/handler.login.method.go:43.2,43.139 1 1
github.com/rezkyal/simple-go-login/handler/login/handler.login.method.go:20.8,22.34 2 1
github.com/rezkyal/simple-go-login/handler/login/handler.login.method.go:25.3,26.9 2 1
github.com/rezkyal/simple-go-login/handler/login/handler.login.method.go:22.34,24.4 1 1
github.com/rezkyal/simple-go-login/handler/login/handler.login.method.go:29.16,33.3 3 1
github.com/rezkyal/simple-go-login/handler/login/handler.login.method.go:37.16,41.3 3 1
github.com/rezkyal/simple-go-login/handler/login/handler.login.method.go:46.46,48.2 1 1
github.com/rezkyal/simple-go-login/handler/login/handler.login.deps_mock.go:27.67,31.2 3 1
github.com/rezkyal/simple-go-login/handler/login/handler.login.deps_mock.go:34.65,36.2 1 1
github.com/rezkyal/simple-go-login/handler/login/handler.login.deps_mock.go:39.105,45.2 5 1
github.com/rezkyal/simple-go-login/handler/login/handler.login.deps_mock.go:48.81,51.2 2 1
github.com/rezkyal/simple-go-login/handler/login/handler.login.init.go:7.53,9.2 1 1
github.com/rezkyal/simple-go-login/usecase/user/usecase.user.deps_mock.go:27.61,31.2 3 1
github.com/rezkyal/simple-go-login/usecase/user/usecase.user.deps_mock.go:34.59,36.2 1 1
github.com/rezkyal/simple-go-login/usecase/user/usecase.user.deps_mock.go:39.90,45.2 5 1
github.com/rezkyal/simple-go-login/usecase/user/usecase.user.deps_mock.go:48.86,51.2 2 1
github.com/rezkyal/simple-go-login/usecase/user/usecase.user.deps_mock.go:54.80,59.2 4 1
github.com/rezkyal/simple-go-login/usecase/user/usecase.user.deps_mock.go:62.86,65.2 2 1
github.com/rezkyal/simple-go-login/usecase/user/usecase.user.init.go:10.67,15.2 1 1
github.com/rezkyal/simple-go-login/usecase/user/usecase.user.method.go:12.89,15.16 2 1
github.com/rezkyal/simple-go-login/usecase/user/usecase.user.method.go:19.2,31.49 2 1
github.com/rezkyal/simple-go-login/usecase/user/usecase.user.method.go:15.16,17.3 1 1
github.com/rezkyal/simple-go-login/usecase/user/usecase.user.method.go:34.101,38.16 3 1
github.com/rezkyal/simple-go-login/usecase/user/usecase.user.method.go:42.2,44.16 2 1
github.com/rezkyal/simple-go-login/usecase/user/usecase.user.method.go:48.2,48.24 1 1
github.com/rezkyal/simple-go-login/usecase/user/usecase.user.method.go:52.2,56.16 3 1
github.com/rezkyal/simple-go-login/usecase/user/usecase.user.method.go:60.2,65.8 2 1
github.com/rezkyal/simple-go-login/usecase/user/usecase.user.method.go:38.16,40.3 1 1
github.com/rezkyal/simple-go-login/usecase/user/usecase.user.method.go:44.16,46.3 1 1
github.com/rezkyal/simple-go-login/usecase/user/usecase.user.method.go:48.24,50.3 1 1
github.com/rezkyal/simple-go-login/usecase/user/usecase.user.method.go:56.16,58.3 1 0
github.com/rezkyal/simple-go-login/repo/user/repo.user.deps_mock.go:27.55,31.2 3 1
github.com/rezkyal/simple-go-login/repo/user/repo.user.deps_mock.go:34.53,36.2 1 1
github.com/rezkyal/simple-go-login/repo/user/repo.user.deps_mock.go:39.86,44.2 4 1
github.com/rezkyal/simple-go-login/repo/user/repo.user.deps_mock.go:47.83,50.2 2 1
github.com/rezkyal/simple-go-login/repo/user/repo.user.deps_mock.go:53.109,58.2 4 1
github.com/rezkyal/simple-go-login/repo/user/repo.user.deps_mock.go:61.92,64.2 2 1
github.com/rezkyal/simple-go-login/repo/user/repo.user.init.go:14.71,20.2 1 1
github.com/rezkyal/simple-go-login/repo/user/repo.user.method.go:14.74,19.16 4 1
github.com/rezkyal/simple-go-login/repo/user/repo.user.method.go:23.2,27.25 3 1
github.com/rezkyal/simple-go-login/repo/user/repo.user.method.go:31.2,31.12 1 1
github.com/rezkyal/simple-go-login/repo/user/repo.user.method.go:19.16,21.3 1 1
github.com/rezkyal/simple-go-login/repo/user/repo.user.method.go:27.25,29.3 1 1
github.com/rezkyal/simple-go-login/repo/user/repo.user.method.go:34.84,43.16 4 1
github.com/rezkyal/simple-go-login/repo/user/repo.user.method.go:47.2,49.16 2 1
github.com/rezkyal/simple-go-login/repo/user/repo.user.method.go:53.2,55.15 2 1
github.com/rezkyal/simple-go-login/repo/user/repo.user.method.go:43.16,45.3 1 1
github.com/rezkyal/simple-go-login/repo/user/repo.user.method.go:49.16,51.3 1 1
